<?xml version="1.0" encoding="UTF-8"?>
<testsuite name="bootcamp.calculator.CalculatorTests" tests="3" skipped="0" failures="0" errors="0" timestamp="2020-04-02T16:38:35" hostname="Olivias-MacBook-Pro.local" time="0.006">
  <properties/>
  <testcase name="testAdd" classname="bootcamp.calculator.CalculatorTests" time="0.005"/>
  <testcase name="testSubtract" classname="bootcamp.calculator.CalculatorTests" time="0.0"/>
  <testcase name="testMutiply" classname="bootcamp.calculator.CalculatorTests" time="0.0"/>
  <system-out><![CDATA[]]></system-out>
  <system-err><![CDATA[]]></system-err>
</testsuite>
